[35m[Appium][39m Welcome to Appium v1.22.3
[35m[Appium][39m Non-default server args:
[35m[Appium][39m   port: 62828
[35m[Appium][39m   loglevel: info
[35m[Appium][39m   tmpDir: C:\Users\Lenovo\AppData\Local\Temp\\Katalon\Appium\Temp1676453805110
[35m[Appium][39m   chromedriverPort: 62829
[35m[Appium][39m Deprecated server args:
[35m[Appium][39m   [31m--chromedriver-port[39m => --default-capabilities
[35m[Appium][39m Default capabilities, which will be added to each request unless overridden by desired capabilities:
[35m[Appium][39m   chromedriverPort: 62829
[35m[Appium][39m Appium REST http interface listener started on 0.0.0.0:62828
[35m[HTTP][39m [37m-->[39m [37mGET[39m [37m/wd/hub/status[39m
[35m[HTTP][39m [90m{}[39m
[35m[HTTP][39m [37m<-- GET /wd/hub/status [39m[32m200[39m [90m11 ms - 68[39m
[35m[HTTP][39m [90m[39m
[35m[HTTP][39m [37m-->[39m [37mGET[39m [37m/wd/hub/status[39m
[35m[HTTP][39m [90m{}[39m
[35m[HTTP][39m [37m<-- GET /wd/hub/status [39m[32m200[39m [90m2 ms - 68[39m
[35m[HTTP][39m [90m[39m
[35m[HTTP][39m [37m-->[39m [37mPOST[39m [37m/wd/hub/session[39m
[35m[HTTP][39m [90m{"desiredCapabilities":{"app":"D:\\eduwork-git-putri_salsabila\\Katalon Studio\\EduApp\\mobileapp\\Happy Day Shopping_1.2_Apkpure.apk","noReset":true,"deviceName":"emulator-5554 (Android SDK built for x86 - Android 11)","fullReset":false,"platform":"ANDROID","newCommandTimeout":1800,"platformVersion":"11","automationName":"uiautomator2","autoGrantPermissions":true,"platformName":"Android","udid":"emulator-5554","systemPort":62857},"capabilities":{"firstMatch":[{"appium:app":"D:\\eduwork-git-putri_salsabila\\Katalon Studio\\EduApp\\mobileapp\\Happy Day Shopping_1.2_Apkpure.apk","appium:autoGrantPermissions":true,"appium:automationName":"uiautomator2","appium:deviceName":"emulator-5554 (Android SDK built for x86 - Android 11)","appium:fullReset":false,"appium:newCommandTimeout":1800,"appium:noReset":true,"platform":"ANDROID","platformName":"android","appium:platformVersion":"11","appium:systemPort":62857,"appium:udid":"emulator-5554"}]}}[39m
[35m[BaseDriver][39m The following capabilities are not standard capabilities and should have an extension prefix:
[35m[BaseDriver][39m   platform
[35m[BaseDriver][39m   chromedriverPort
[35m[Appium][39m Appium v1.22.3 creating new AndroidUiautomator2Driver (v1.70.1) session
[35m[BaseDriver][39m The following capabilities were provided, but are not recognized by Appium:
[35m[BaseDriver][39m   platform
[35m[BaseDriver][39m Session created with session id: 1719b40e-ddfa-4449-883c-f3f00e517f1f
[35m[BaseDriver][39m Using local app 'D:\eduwork-git-putri_salsabila\Katalon Studio\EduApp\mobileapp\Happy Day Shopping_1.2_Apkpure.apk'
[35m[ADB][39m Found 1 'build-tools' folders under 'C:\Users\Lenovo\.katalon\tools\android_sdk' (newest first):
[35m[ADB][39m     C:/Users/Lenovo/.katalon/tools/android_sdk/build-tools/29.0.3
[35m[ADB][39m Using 'adb.exe' from 'C:\Users\Lenovo\.katalon\tools\android_sdk\platform-tools\adb.exe'
[35m[AndroidDriver][39m Retrieving device list
[35m[AndroidDriver][39m Using device: emulator-5554
[35m[ADB][39m Using 'adb.exe' from 'C:\Users\Lenovo\.katalon\tools\android_sdk\platform-tools\adb.exe'
[35m[ADB][39m Getting device platform version
[35m[UiAutomator2][39m Relaxing hidden api policy
[35m[ADB][39m Package name: 'com.ecwid.ShopAt.HappyDayShopping'
[35m[ADB][39m Main activity name: 'com.pb.MainActivity'
[35m[ADB][39m Using 'apksigner.jar' from 'C:\Users\Lenovo\.katalon\tools\android_sdk\build-tools\29.0.3\lib\apksigner.jar'
[35m[ADB][39m 'C:\Users\Lenovo\AppData\Roaming\npm\node_modules\appium\node_modules\appium-uiautomator2-server\apks\appium-uiautomator2-server-v4.27.0.apk' is signed with the default certificate
[35m[ADB][39m 'C:\Users\Lenovo\AppData\Roaming\npm\node_modules\appium\node_modules\appium-uiautomator2-server\apks\appium-uiautomator2-server-debug-androidTest.apk' is signed with the default certificate
[35m[UiAutomator2][39m Server packages are not going to be (re)installed
[35m[ADB][39m Adding packages ["io.appium.settings","io.appium.uiautomator2.server","io.appium.uiautomator2.server.test"] to Doze whitelist
[35m[ADB][39m 'D:\eduwork-git-putri_salsabila\Katalon Studio\EduApp\mobileapp\Happy Day Shopping_1.2_Apkpure.apk' is signed with a non-default certificate
[35m[UiAutomator2][39m Starting UIAutomator2 server 4.27.0
[35m[UiAutomator2][39m Using UIAutomator2 server from 'C:\Users\Lenovo\AppData\Roaming\npm\node_modules\appium\node_modules\appium-uiautomator2-server\apks\appium-uiautomator2-server-v4.27.0.apk' and test from 'C:\Users\Lenovo\AppData\Roaming\npm\node_modules\appium\node_modules\appium-uiautomator2-server\apks\appium-uiautomator2-server-debug-androidTest.apk'
[35m[UiAutomator2][39m Waiting up to 30000ms for UiAutomator2 to be online...
[35m[WD Proxy][39m socket hang up
[35m[WD Proxy][39m socket hang up
[35m[WD Proxy][39m socket hang up
[35m[WD Proxy][39m socket hang up
[35m[WD Proxy][39m Determined the downstream protocol as 'W3C'
[35m[AndroidDriver][39m Screen already unlocked, doing nothing
[35m[UiAutomator2][39m Starting 'com.ecwid.ShopAt.HappyDayShopping/com.pb.MainActivity and waiting for 'com.ecwid.ShopAt.HappyDayShopping/com.pb.MainActivity'
[35m[Appium][39m New AndroidUiautomator2Driver session created successfully, session 1719b40e-ddfa-4449-883c-f3f00e517f1f added to master session list
[35m[HTTP][39m [37m<-- POST /wd/hub/session [39m[32m200[39m [90m20602 ms - 1424[39m
[35m[HTTP][39m [90m[39m
[35m[HTTP][39m [37m-->[39m [37mGET[39m [37m/wd/hub/session/1719b40e-ddfa-4449-883c-f3f00e517f1f[39m
[35m[HTTP][39m [90m{}[39m
[35m[HTTP][39m [37m<-- GET /wd/hub/session/1719b40e-ddfa-4449-883c-f3f00e517f1f [39m[32m200[39m [90m22 ms - 1378[39m
[35m[HTTP][39m [90m[39m
[35m[HTTP][39m [37m-->[39m [37mGET[39m [37m/wd/hub/session/1719b40e-ddfa-4449-883c-f3f00e517f1f[39m
[35m[HTTP][39m [90m{}[39m
[35m[HTTP][39m [37m<-- GET /wd/hub/session/1719b40e-ddfa-4449-883c-f3f00e517f1f [39m[32m200[39m [90m20 ms - 1378[39m
[35m[HTTP][39m [90m[39m
[35m[HTTP][39m [37m-->[39m [37mGET[39m [37m/wd/hub/status[39m
[35m[HTTP][39m [90m{}[39m
[35m[HTTP][39m [37m<-- GET /wd/hub/status [39m[32m200[39m [90m2 ms - 68[39m
[35m[HTTP][39m [90m[39m
[35m[HTTP][39m [37m-->[39m [37mPOST[39m [37m/wd/hub/session/1719b40e-ddfa-4449-883c-f3f00e517f1f/timeouts[39m
[35m[HTTP][39m [90m{"implicit":60000}[39m
[35m[HTTP][39m [37m<-- POST /wd/hub/session/1719b40e-ddfa-4449-883c-f3f00e517f1f/timeouts [39m[32m200[39m [90m6 ms - 14[39m
[35m[HTTP][39m [90m[39m
[35m[HTTP][39m [37m-->[39m [37mGET[39m [37m/wd/hub/session/1719b40e-ddfa-4449-883c-f3f00e517f1f/source[39m
[35m[HTTP][39m [90m{}[39m
[35m[W3C (1719b40e)][39m Driver proxy active, passing request on via HTTP proxy
[35m[WD Proxy][39m Replacing sessionId 15f2a1cd-45d7-4adc-84b5-b81b82494d0a with 1719b40e-ddfa-4449-883c-f3f00e517f1f
[35m[HTTP][39m [37m<-- GET /wd/hub/session/1719b40e-ddfa-4449-883c-f3f00e517f1f/source [39m[32m200[39m [90m322 ms - 1923[39m
[35m[HTTP][39m [90m[39m
[35m[HTTP][39m [37m-->[39m [37mGET[39m [37m/wd/hub/session/1719b40e-ddfa-4449-883c-f3f00e517f1f/screenshot[39m
[35m[HTTP][39m [90m{}[39m
[35m[HTTP][39m [37m<-- GET /wd/hub/session/1719b40e-ddfa-4449-883c-f3f00e517f1f/screenshot [39m[32m200[39m [90m1095 ms - 188050[39m
[35m[HTTP][39m [90m[39m
[35m[HTTP][39m [37m-->[39m [37mGET[39m [37m/wd/hub/session/1719b40e-ddfa-4449-883c-f3f00e517f1f/source[39m
[35m[HTTP][39m [90m{}[39m
[35m[W3C (1719b40e)][39m Driver proxy active, passing request on via HTTP proxy
[35m[WD Proxy][39m Replacing sessionId 15f2a1cd-45d7-4adc-84b5-b81b82494d0a with 1719b40e-ddfa-4449-883c-f3f00e517f1f
[35m[HTTP][39m [37m<-- GET /wd/hub/session/1719b40e-ddfa-4449-883c-f3f00e517f1f/source [39m[32m200[39m [90m588 ms - 31618[39m
[35m[HTTP][39m [90m[39m
[35m[HTTP][39m [37m-->[39m [37mGET[39m [37m/wd/hub/session/1719b40e-ddfa-4449-883c-f3f00e517f1f/screenshot[39m
[35m[HTTP][39m [90m{}[39m
[35m[HTTP][39m [37m<-- GET /wd/hub/session/1719b40e-ddfa-4449-883c-f3f00e517f1f/screenshot [39m[32m200[39m [90m1884 ms - 1813114[39m
[35m[HTTP][39m [90m[39m
[35m[HTTP][39m [37m-->[39m [37mGET[39m [37m/wd/hub/session/1719b40e-ddfa-4449-883c-f3f00e517f1f/source[39m
[35m[HTTP][39m [90m{}[39m
[35m[W3C (1719b40e)][39m Driver proxy active, passing request on via HTTP proxy
[35m[WD Proxy][39m Replacing sessionId 15f2a1cd-45d7-4adc-84b5-b81b82494d0a with 1719b40e-ddfa-4449-883c-f3f00e517f1f
[35m[HTTP][39m [37m<-- GET /wd/hub/session/1719b40e-ddfa-4449-883c-f3f00e517f1f/source [39m[32m200[39m [90m680 ms - 63878[39m
[35m[HTTP][39m [90m[39m
[35m[HTTP][39m [37m-->[39m [37mGET[39m [37m/wd/hub/session/1719b40e-ddfa-4449-883c-f3f00e517f1f/screenshot[39m
[35m[HTTP][39m [90m{}[39m
[35m[HTTP][39m [37m<-- GET /wd/hub/session/1719b40e-ddfa-4449-883c-f3f00e517f1f/screenshot [39m[32m200[39m [90m1389 ms - 490752[39m
[35m[HTTP][39m [90m[39m
[35m[HTTP][39m [37m-->[39m [37mGET[39m [37m/wd/hub/session/1719b40e-ddfa-4449-883c-f3f00e517f1f/source[39m
[35m[HTTP][39m [90m{}[39m
[35m[W3C (1719b40e)][39m Driver proxy active, passing request on via HTTP proxy
[35m[WD Proxy][39m Replacing sessionId 15f2a1cd-45d7-4adc-84b5-b81b82494d0a with 1719b40e-ddfa-4449-883c-f3f00e517f1f
[35m[HTTP][39m [37m<-- GET /wd/hub/session/1719b40e-ddfa-4449-883c-f3f00e517f1f/source [39m[32m200[39m [90m325 ms - 33798[39m
[35m[HTTP][39m [90m[39m
[35m[HTTP][39m [37m-->[39m [37mGET[39m [37m/wd/hub/session/1719b40e-ddfa-4449-883c-f3f00e517f1f/screenshot[39m
[35m[HTTP][39m [90m{}[39m
[35m[HTTP][39m [37m<-- GET /wd/hub/session/1719b40e-ddfa-4449-883c-f3f00e517f1f/screenshot [39m[32m200[39m [90m1539 ms - 1740538[39m
[35m[HTTP][39m [90m[39m
[35m[HTTP][39m [37m-->[39m [37mDELETE[39m [37m/wd/hub/session/1719b40e-ddfa-4449-883c-f3f00e517f1f[39m
[35m[HTTP][39m [90m{}[39m
[35m[Appium][39m Removing session 1719b40e-ddfa-4449-883c-f3f00e517f1f from our master session list
[35m[UiAutomator2][39m Restoring hidden api policy to the device default configuration
[35m[HTTP][39m [37m<-- DELETE /wd/hub/session/1719b40e-ddfa-4449-883c-f3f00e517f1f [39m[32m200[39m [90m1583 ms - 14[39m
[35m[HTTP][39m [90m[39m
